<?xml version="1.0" encoding="UTF-8"?>
<!-- Generated by org.testng.reporters.JUnitReportReporter -->
<testsuite hostname="ATMECSINLT-044" failures="0" tests="2" name="com.automation.testscripts.NewTest" time="26.069" errors="0" timestamp="27 Aug 2019 09:16:40 GMT" skipped="0">
  <testcase classname="com.automation.testscripts.NewTest" name="launchDriver" time="15.559"/>
  <testcase classname="com.automation.testscripts.NewTest" name="enteringContactDetails" time="10.510"/>
</testsuite> <!-- com.automation.testscripts.NewTest -->
